TN:
SF:src/checksum.ts
FN:1,(anonymous_0)
FN:4,(anonymous_1)
FN:6,(anonymous_2)
FN:11,(anonymous_3)
FNF:4
FNH:4
FNDA:7,(anonymous_0)
FNDA:63,(anonymous_1)
FNDA:63,(anonymous_2)
FNDA:7,(anonymous_3)
DA:1,1
DA:2,7
DA:4,63
DA:6,7
DA:7,63
DA:11,1
DA:12,7
LF:7
LH:7
BRF:0
BRH:0
end_of_record
TN:
SF:src/command-interactor.ts
FN:15,(anonymous_7)
FN:27,(anonymous_8)
FN:45,(anonymous_10)
FN:45,(anonymous_11)
FNF:4
FNH:4
FNDA:5,(anonymous_7)
FNDA:5,(anonymous_8)
FNDA:5,(anonymous_10)
FNDA:5,(anonymous_11)
DA:3,1
DA:4,1
DA:6,1
DA:7,1
DA:9,1
DA:21,5
DA:22,5
DA:23,5
DA:24,5
DA:28,5
DA:31,5
DA:34,5
DA:37,5
DA:41,5
DA:42,1
DA:43,4
DA:44,4
DA:45,5
DA:48,4
DA:49,3
DA:52,1
DA:53,1
DA:55,0
DA:57,1
DA:60,0
LF:25
LH:23
BRDA:29,0,0,5
BRDA:29,0,1,0
BRDA:29,1,0,5
BRDA:29,1,1,5
BRDA:32,2,0,5
BRDA:32,2,1,0
BRDA:32,3,0,5
BRDA:32,3,1,5
BRDA:35,4,0,5
BRDA:35,4,1,0
BRDA:35,5,0,5
BRDA:35,5,1,5
BRDA:38,6,0,5
BRDA:38,6,1,0
BRDA:38,7,0,5
BRDA:38,7,1,5
BRDA:41,8,0,1
BRDA:41,8,1,4
BRDA:43,9,0,4
BRDA:43,9,1,0
BRDA:48,10,0,3
BRDA:48,10,1,1
BRDA:52,11,0,1
BRDA:52,11,1,0
BRF:24
BRH:18
end_of_record
TN:
SF:src/config.ts
FNF:0
FNH:0
DA:1,1
DA:2,1
DA:4,1
DA:6,1
DA:7,1
DA:8,1
DA:9,1
DA:10,1
DA:16,1
DA:20,1
DA:25,1
LF:11
LH:11
BRF:0
BRH:0
end_of_record
TN:
SF:src/main.ts
FN:24,argvToCommand
FN:28,main
FNF:2
FNH:0
FNDA:0,argvToCommand
FNDA:0,main
DA:25,0
DA:29,0
DA:30,0
DA:31,0
DA:37,0
DA:38,0
DA:39,0
DA:40,0
DA:46,0
DA:49,0
LF:10
LH:0
BRF:0
BRH:0
end_of_record
TN:
SF:src/number-to-ocr-reference.ts
FNF:0
FNH:0
DA:1,1
DA:8,1
DA:14,1
DA:20,1
DA:26,1
DA:32,1
DA:38,1
DA:44,1
DA:50,1
DA:56,1
DA:62,1
DA:75,1
LF:12
LH:12
BRF:0
BRH:0
end_of_record
TN:
SF:src/ocr-extractor.ts
FN:8,(anonymous_7)
FN:13,(anonymous_8)
FN:18,(anonymous_10)
FNF:3
FNH:3
FNDA:5,(anonymous_7)
FNDA:4,(anonymous_8)
FNDA:9,(anonymous_10)
DA:4,1
DA:9,5
DA:10,5
DA:14,4
DA:16,4
DA:17,5
DA:18,9
DA:20,4
LF:8
LH:8
BRF:0
BRH:0
end_of_record
TN:
SF:src/row-to-ocr-representation.ts
FN:5,(anonymous_0)
FN:6,(anonymous_1)
FN:26,(anonymous_2)
FNF:3
FNH:0
FNDA:0,(anonymous_0)
FNDA:0,(anonymous_1)
FNDA:0,(anonymous_2)
DA:5,0
DA:6,0
DA:7,0
DA:10,0
DA:11,0
DA:12,0
DA:13,0
DA:14,0
DA:16,0
DA:17,0
DA:19,0
DA:23,0
DA:26,0
DA:27,0
DA:28,0
DA:29,0
DA:30,0
DA:31,0
DA:32,0
DA:33,0
DA:35,0
LF:21
LH:0
BRDA:7,0,0,0
BRDA:7,0,1,0
BRDA:16,1,0,0
BRDA:16,1,1,0
BRF:4
BRH:0
end_of_record
TN:
SF:src/classifier/classify-console.ts
FN:9,(anonymous_0)
FN:11,(anonymous_1)
FNF:2
FNH:0
FNDA:0,(anonymous_0)
FNDA:0,(anonymous_1)
DA:10,0
DA:11,0
LF:2
LH:0
BRF:0
BRH:0
end_of_record
TN:
SF:src/classifier/classify-file.ts
FN:14,(anonymous_7)
FN:22,(anonymous_8)
FN:35,(anonymous_10)
FN:46,(anonymous_11)
FN:51,(anonymous_13)
FNF:5
FNH:2
FNDA:1,(anonymous_7)
FNDA:1,(anonymous_8)
FNDA:0,(anonymous_10)
FNDA:0,(anonymous_11)
FNDA:0,(anonymous_13)
DA:1,1
DA:3,1
DA:10,1
DA:15,1
DA:16,1
DA:17,1
DA:18,0
DA:23,1
DA:24,1
DA:25,1
DA:26,1
DA:31,1
DA:36,0
DA:37,0
DA:40,0
DA:44,0
DA:47,0
DA:48,0
DA:52,0
DA:53,0
DA:54,0
DA:55,0
DA:56,0
DA:60,0
DA:61,0
DA:64,0
DA:65,0
LF:27
LH:11
BRDA:17,0,0,0
BRDA:17,0,1,1
BRDA:55,1,0,0
BRDA:55,1,1,0
BRF:4
BRH:1
end_of_record
TN:
SF:src/error/arg-not-found.ts
FN:2,(anonymous_0)
FNF:1
FNH:0
FNDA:0,(anonymous_0)
DA:1,1
DA:2,0
DA:3,0
LF:3
LH:1
BRF:0
BRH:0
end_of_record
TN:
SF:src/error/no-such-file-or-directory.ts
FN:2,(anonymous_0)
FNF:1
FNH:0
FNDA:0,(anonymous_0)
DA:1,1
DA:2,0
DA:3,0
LF:3
LH:1
BRF:0
BRH:0
end_of_record
TN:
SF:src/error/output-and-input-didint.ts
FN:2,(anonymous_0)
FNF:1
FNH:0
FNDA:0,(anonymous_0)
DA:1,1
DA:2,0
DA:3,0
LF:3
LH:1
BRF:0
BRH:0
end_of_record
TN:
SF:src/helpers/cli-helper.ts
FN:9,(anonymous_0)
FN:13,(anonymous_1)
FNF:2
FNH:2
FNDA:10,(anonymous_0)
FNDA:1,(anonymous_1)
DA:1,1
DA:7,1
DA:10,10
DA:14,1
LF:4
LH:4
BRF:0
BRH:0
end_of_record
TN:
SF:src/parsing/command-parser.ts
FN:4,(anonymous_0)
FN:21,(anonymous_1)
FN:33,(anonymous_2)
FN:49,(anonymous_3)
FN:53,(anonymous_4)
FN:61,(anonymous_5)
FN:73,(anonymous_6)
FN:81,(anonymous_7)
FN:83,(anonymous_8)
FN:88,(anonymous_9)
FNF:10
FNH:10
FNDA:1,(anonymous_0)
FNDA:5,(anonymous_1)
FNDA:5,(anonymous_2)
FNDA:5,(anonymous_3)
FNDA:7,(anonymous_4)
FNDA:7,(anonymous_5)
FNDA:5,(anonymous_6)
FNDA:12,(anonymous_7)
FNDA:24,(anonymous_8)
FNDA:5,(anonymous_9)
DA:2,1
DA:4,1
DA:6,1
DA:8,1
DA:10,1
DA:12,1
DA:15,1
DA:27,5
DA:28,5
DA:29,5
DA:30,5
DA:34,5
DA:35,5
DA:36,5
DA:37,12
DA:38,12
DA:39,24
DA:40,5
DA:41,5
DA:42,5
DA:45,12
DA:50,5
DA:51,5
DA:52,5
DA:53,5
DA:54,7
DA:55,7
DA:56,7
DA:58,5
DA:62,7
DA:63,0
DA:64,0
DA:66,7
DA:67,1
DA:69,6
DA:74,5
DA:75,0
DA:76,0
DA:78,5
DA:82,12
DA:83,24
DA:85,12
DA:89,5
LF:43
LH:39
BRDA:4,0,0,1
BRDA:4,0,1,1
BRDA:39,1,0,5
BRDA:39,1,1,19
BRDA:45,2,0,7
BRDA:45,2,1,5
BRDA:62,3,0,0
BRDA:62,3,1,7
BRDA:66,4,0,1
BRDA:66,4,1,6
BRDA:67,5,0,0
BRDA:67,5,1,1
BRDA:67,6,0,1
BRDA:67,6,1,1
BRDA:74,7,0,0
BRDA:74,7,1,5
BRF:16
BRH:13
end_of_record
TN:
SF:src/parsing/parser.ts
FN:10,(anonymous_8)
FN:16,(anonymous_9)
FN:39,(anonymous_10)
FN:44,(anonymous_11)
FN:54,(anonymous_12)
FN:54,(anonymous_13)
FNF:6
FNH:6
FNDA:5,(anonymous_8)
FNDA:5,(anonymous_9)
FNDA:9,(anonymous_10)
FNDA:81,(anonymous_11)
FNDA:6,(anonymous_12)
FNDA:6,(anonymous_13)
DA:1,1
DA:2,1
DA:3,1
DA:5,1
DA:11,5
DA:12,5
DA:13,5
DA:17,5
DA:18,5
DA:19,5
DA:21,5
DA:22,9
DA:23,9
DA:24,9
DA:25,81
DA:26,81
DA:27,81
DA:28,3
DA:30,78
DA:33,9
DA:36,5
DA:40,9
DA:41,9
DA:45,81
DA:46,81
DA:47,324
DA:48,324
DA:50,81
DA:54,6
DA:55,6
DA:56,6
DA:58,0
LF:32
LH:31
BRDA:27,0,0,3
BRDA:27,0,1,78
BRF:2
BRH:2
end_of_record
TN:
SF:src/validation/code-to-result.ts
FN:5,(anonymous_0)
FN:9,(anonymous_1)
FNF:2
FNH:2
FNDA:5,(anonymous_0)
FNDA:9,(anonymous_1)
DA:3,1
DA:6,5
DA:10,9
DA:11,16
DA:12,4
DA:15,5
LF:6
LH:6
BRDA:11,0,0,4
BRDA:11,0,1,12
BRF:2
BRH:2
end_of_record
TN:
SF:src/validation/validators.ts
FN:6,(anonymous_0)
FN:10,(anonymous_1)
FNF:2
FNH:2
FNDA:9,(anonymous_0)
FNDA:7,(anonymous_1)
DA:1,1
DA:6,1
DA:7,9
DA:10,1
DA:11,7
LF:5
LH:5
BRF:0
BRH:0
end_of_record
TN:
SF:src/writer/writer-in-console.ts
FN:4,(anonymous_7)
FNF:1
FNH:0
FNDA:0,(anonymous_7)
DA:3,1
DA:5,0
LF:2
LH:1
BRF:0
BRH:0
end_of_record
TN:
SF:src/writer/writer-in-file.ts
FN:14,(anonymous_8)
FN:19,(anonymous_9)
FN:25,(anonymous_11)
FN:29,(anonymous_13)
FNF:4
FNH:3
FNDA:1,(anonymous_8)
FNDA:1,(anonymous_9)
FNDA:1,(anonymous_11)
FNDA:0,(anonymous_13)
DA:1,1
DA:4,1
DA:8,1
DA:15,1
DA:16,1
DA:20,1
DA:21,1
DA:22,1
DA:26,1
DA:30,0
LF:10
LH:9
BRDA:21,0,0,0
BRDA:21,0,1,1
BRF:2
BRH:1
end_of_record
TN:
SF:src/writer/writer.ts
FNF:0
FNH:0
LF:0
LH:0
BRF:0
BRH:0
end_of_record
