TN:
SF:src/checksum.ts
FN:1,(anonymous_0)
FN:4,(anonymous_1)
FN:6,(anonymous_2)
FN:11,(anonymous_3)
FNF:4
FNH:4
FNDA:9,(anonymous_0)
FNDA:81,(anonymous_1)
FNDA:81,(anonymous_2)
FNDA:9,(anonymous_3)
DA:1,1
DA:2,9
DA:4,81
DA:6,9
DA:7,81
DA:11,1
DA:12,9
LF:7
LH:7
BRF:0
BRH:0
end_of_record
TN:
SF:src/command-interactor.ts
FN:15,(anonymous_0)
FN:27,(anonymous_1)
FN:45,(anonymous_2)
FNF:3
FNH:0
FNDA:0,(anonymous_0)
FNDA:0,(anonymous_1)
FNDA:0,(anonymous_2)
DA:21,0
DA:22,0
DA:23,0
DA:24,0
DA:28,0
DA:31,0
DA:34,0
DA:37,0
DA:41,0
DA:42,0
DA:43,0
DA:44,0
DA:45,0
DA:48,0
DA:49,0
DA:52,0
DA:53,0
DA:55,0
DA:57,0
DA:60,0
LF:20
LH:0
BRDA:29,0,0,0
BRDA:29,0,1,0
BRDA:32,1,0,0
BRDA:32,1,1,0
BRDA:35,2,0,0
BRDA:35,2,1,0
BRDA:38,3,0,0
BRDA:38,3,1,0
BRDA:41,4,0,0
BRDA:41,4,1,0
BRDA:43,5,0,0
BRDA:43,5,1,0
BRDA:48,6,0,0
BRDA:48,6,1,0
BRDA:52,7,0,0
BRDA:52,7,1,0
BRF:16
BRH:0
end_of_record
TN:
SF:src/config.ts
FNF:0
FNH:0
DA:1,1
DA:2,1
DA:4,1
DA:6,1
DA:7,1
DA:8,1
DA:9,1
DA:10,1
DA:16,1
DA:20,1
DA:25,1
LF:11
LH:11
BRF:0
BRH:0
end_of_record
TN:
SF:src/main.ts
FN:24,argvToCommand
FN:28,main
FNF:2
FNH:0
FNDA:0,argvToCommand
FNDA:0,main
DA:25,0
DA:29,0
DA:30,0
DA:31,0
DA:37,0
DA:38,0
DA:39,0
DA:40,0
DA:46,0
DA:49,0
LF:10
LH:0
BRF:0
BRH:0
end_of_record
TN:
SF:src/number-to-ocr-reference.ts
FNF:0
FNH:0
DA:1,1
DA:8,1
DA:14,1
DA:20,1
DA:26,1
DA:32,1
DA:38,1
DA:44,1
DA:50,1
DA:56,1
DA:62,1
DA:75,1
LF:12
LH:12
BRF:0
BRH:0
end_of_record
TN:
SF:src/ocr-extractor.ts
FN:8,(anonymous_0)
FN:13,(anonymous_1)
FN:18,(anonymous_2)
FNF:3
FNH:0
FNDA:0,(anonymous_0)
FNDA:0,(anonymous_1)
FNDA:0,(anonymous_2)
DA:9,0
DA:10,0
DA:14,0
DA:16,0
DA:17,0
DA:18,0
DA:20,0
LF:7
LH:0
BRF:0
BRH:0
end_of_record
TN:
SF:src/row-to-ocr-representation.ts
FN:5,(anonymous_7)
FN:6,(anonymous_8)
FN:26,(anonymous_9)
FN:26,(anonymous_10)
FNF:4
FNH:2
FNDA:1,(anonymous_7)
FNDA:9,(anonymous_8)
FNDA:0,(anonymous_9)
FNDA:0,(anonymous_10)
DA:1,1
DA:2,1
DA:5,1
DA:6,1
DA:7,9
DA:10,1
DA:11,1
DA:12,4
DA:13,4
DA:14,36
DA:16,4
DA:17,3
DA:19,1
DA:23,1
DA:26,1
DA:27,0
DA:28,0
DA:29,0
DA:30,0
DA:31,0
DA:32,0
DA:33,0
DA:35,0
LF:23
LH:15
BRDA:7,0,0,9
BRDA:7,0,1,0
BRDA:7,1,0,9
BRDA:7,1,1,9
BRDA:7,2,0,0
BRDA:7,2,1,9
BRDA:7,3,0,9
BRDA:7,3,1,9
BRDA:16,4,0,3
BRDA:16,4,1,1
BRF:10
BRH:8
end_of_record
TN:
SF:src/classifier/classify-console.ts
FN:9,(anonymous_0)
FN:11,(anonymous_1)
FNF:2
FNH:0
FNDA:0,(anonymous_0)
FNDA:0,(anonymous_1)
DA:10,0
DA:11,0
LF:2
LH:0
BRF:0
BRH:0
end_of_record
TN:
SF:src/classifier/classify-file.ts
FN:14,(anonymous_7)
FN:22,(anonymous_8)
FN:35,(anonymous_10)
FN:46,(anonymous_11)
FN:51,(anonymous_13)
FNF:5
FNH:5
FNDA:1,(anonymous_7)
FNDA:1,(anonymous_8)
FNDA:1,(anonymous_10)
FNDA:1,(anonymous_11)
FNDA:3,(anonymous_13)
DA:1,1
DA:3,1
DA:10,1
DA:15,1
DA:16,1
DA:17,1
DA:18,0
DA:23,1
DA:24,3
DA:25,3
DA:26,3
DA:31,1
DA:36,1
DA:37,1
DA:40,1
DA:44,1
DA:47,1
DA:48,3
DA:52,3
DA:53,5
DA:54,5
DA:55,9
DA:56,2
DA:60,2
DA:61,2
DA:64,3
DA:65,3
LF:27
LH:26
BRDA:17,0,0,0
BRDA:17,0,1,1
BRDA:55,1,0,2
BRDA:55,1,1,7
BRF:4
BRH:3
end_of_record
TN:
SF:src/error/arg-not-found.ts
FN:2,(anonymous_0)
FNF:1
FNH:1
FNDA:2,(anonymous_0)
DA:1,1
DA:2,2
DA:3,2
LF:3
LH:3
BRF:0
BRH:0
end_of_record
TN:
SF:src/error/no-such-file-or-directory.ts
FN:2,(anonymous_0)
FNF:1
FNH:1
FNDA:1,(anonymous_0)
DA:1,1
DA:2,1
DA:3,1
LF:3
LH:3
BRF:0
BRH:0
end_of_record
TN:
SF:src/error/output-and-input-didint.ts
FN:2,(anonymous_0)
FNF:1
FNH:0
FNDA:0,(anonymous_0)
DA:1,1
DA:2,0
DA:3,0
LF:3
LH:1
BRF:0
BRH:0
end_of_record
TN:
SF:src/helpers/cli-helper.ts
FN:9,(anonymous_0)
FN:13,(anonymous_1)
FNF:2
FNH:2
FNDA:8,(anonymous_0)
FNDA:2,(anonymous_1)
DA:1,1
DA:7,1
DA:10,8
DA:14,2
LF:4
LH:4
BRF:0
BRH:0
end_of_record
TN:
SF:src/parsing/command-parser.ts
FN:4,(anonymous_0)
FN:21,(anonymous_1)
FN:33,(anonymous_2)
FN:49,(anonymous_3)
FN:53,(anonymous_4)
FN:61,(anonymous_5)
FN:73,(anonymous_6)
FN:81,(anonymous_7)
FN:83,(anonymous_8)
FN:88,(anonymous_9)
FNF:10
FNH:10
FNDA:1,(anonymous_0)
FNDA:8,(anonymous_1)
FNDA:7,(anonymous_2)
FNDA:7,(anonymous_3)
FNDA:8,(anonymous_4)
FNDA:9,(anonymous_5)
FNDA:1,(anonymous_6)
FNDA:10,(anonymous_7)
FNDA:19,(anonymous_8)
FNDA:5,(anonymous_9)
DA:2,1
DA:4,1
DA:6,1
DA:8,1
DA:10,1
DA:12,1
DA:15,1
DA:27,8
DA:28,8
DA:29,8
DA:30,8
DA:34,7
DA:35,7
DA:36,7
DA:37,10
DA:38,10
DA:39,20
DA:40,1
DA:41,1
DA:42,1
DA:45,10
DA:50,7
DA:51,7
DA:52,7
DA:53,7
DA:54,8
DA:55,8
DA:56,8
DA:58,7
DA:62,9
DA:63,2
DA:64,2
DA:66,7
DA:67,2
DA:69,5
DA:74,1
DA:75,0
DA:76,0
DA:78,1
DA:82,10
DA:83,19
DA:85,10
DA:89,5
LF:43
LH:41
BRDA:4,0,0,1
BRDA:4,0,1,1
BRDA:39,1,0,1
BRDA:39,1,1,19
BRDA:45,2,0,9
BRDA:45,2,1,1
BRDA:62,3,0,2
BRDA:62,3,1,7
BRDA:66,4,0,2
BRDA:66,4,1,5
BRDA:67,5,0,0
BRDA:67,5,1,2
BRDA:67,6,0,2
BRDA:67,6,1,2
BRDA:74,7,0,0
BRDA:74,7,1,1
BRF:16
BRH:14
end_of_record
TN:
SF:src/parsing/parser.ts
FN:10,(anonymous_8)
FN:16,(anonymous_9)
FN:39,(anonymous_10)
FN:44,(anonymous_11)
FN:54,(anonymous_12)
FN:54,(anonymous_13)
FNF:6
FNH:6
FNDA:6,(anonymous_8)
FNDA:16,(anonymous_9)
FNDA:116,(anonymous_10)
FNDA:949,(anonymous_11)
FNDA:29,(anonymous_12)
FNDA:29,(anonymous_13)
DA:1,1
DA:2,1
DA:3,1
DA:5,1
DA:11,6
DA:12,6
DA:13,6
DA:17,16
DA:18,16
DA:19,16
DA:21,16
DA:22,116
DA:23,116
DA:24,116
DA:25,949
DA:26,949
DA:27,949
DA:28,3
DA:30,946
DA:33,116
DA:36,16
DA:40,116
DA:41,116
DA:45,949
DA:46,949
DA:47,3796
DA:48,3796
DA:50,949
DA:54,29
DA:55,29
DA:56,29
DA:58,1
LF:32
LH:32
BRDA:27,0,0,3
BRDA:27,0,1,946
BRF:2
BRH:2
end_of_record
TN:
SF:src/validation/code-to-result.ts
FN:5,(anonymous_0)
FN:9,(anonymous_1)
FNF:2
FNH:2
FNDA:1,(anonymous_0)
FNDA:3,(anonymous_1)
DA:3,1
DA:6,1
DA:10,3
DA:11,5
DA:12,2
DA:15,1
LF:6
LH:6
BRDA:11,0,0,2
BRDA:11,0,1,3
BRF:2
BRH:2
end_of_record
TN:
SF:src/validation/validators.ts
FN:6,(anonymous_0)
FN:10,(anonymous_1)
FNF:2
FNH:2
FNDA:7,(anonymous_0)
FNDA:4,(anonymous_1)
DA:1,1
DA:6,1
DA:7,7
DA:10,1
DA:11,4
LF:5
LH:5
BRF:0
BRH:0
end_of_record
TN:
SF:src/writer/writer-in-console.ts
FN:4,(anonymous_7)
FNF:1
FNH:1
FNDA:3,(anonymous_7)
DA:3,2
DA:5,3
LF:2
LH:2
BRF:0
BRH:0
end_of_record
TN:
SF:src/writer/writer-in-file.ts
FN:14,(anonymous_8)
FN:19,(anonymous_9)
FN:25,(anonymous_11)
FN:29,(anonymous_13)
FNF:4
FNH:4
FNDA:12,(anonymous_8)
FNDA:13,(anonymous_9)
FNDA:5,(anonymous_11)
FNDA:8,(anonymous_13)
DA:1,1
DA:4,1
DA:8,12
DA:15,12
DA:16,12
DA:20,13
DA:21,13
DA:22,13
DA:26,5
DA:30,8
LF:10
LH:10
BRDA:21,0,0,0
BRDA:21,0,1,13
BRF:2
BRH:1
end_of_record
TN:
SF:src/writer/writer.ts
FNF:0
FNH:0
LF:0
LH:0
BRF:0
BRH:0
end_of_record
